<?xml version="1.0" encoding="UTF-8"?>
<testng-results ignored="0" total="1" passed="1" failed="0" skipped="0">
  <reporter-output>
  </reporter-output>
  <suite started-at="2022-04-26T08:17:09 IST" name="Default suite" finished-at="2022-04-26T08:17:09 IST" duration-ms="31">
    <groups>
    </groups>
    <test started-at="2022-04-26T08:17:09 IST" name="Default test" finished-at="2022-04-26T08:17:09 IST" duration-ms="31">
      <class name="Streams">
        <test-method signature="streamCollect()[pri:0, instance:Streams@2034b64c]" started-at="2022-04-26T08:17:09 IST" name="streamCollect" finished-at="2022-04-26T08:17:09 IST" duration-ms="7" status="PASS">
          <reporter-output>
          </reporter-output>
        </test-method> <!-- streamCollect -->
      </class> <!-- Streams -->
    </test> <!-- Default test -->
  </suite> <!-- Default suite -->
</testng-results>
