<?xml version="1.0" encoding="UTF-8"?>
<testng-results ignored="6" total="16" passed="10" failed="0" skipped="0">
  <reporter-output>
  </reporter-output>
  <suite started-at="2022-05-26T20:36:52 IST" name="Suite" finished-at="2022-05-26T20:36:52 IST" duration-ms="42">
    <groups>
      <group name="smoke">
        <method signature="Intro_TestNG.Method1()[pri:0, instance:TestNG.Intro_TestNG@cb0755b]" name="Method1" class="TestNG.Intro_TestNG"/>
        <method signature="Intro_TestNG2.Method4()[pri:0, instance:TestNG.Intro_TestNG2@673fdbce]" name="Method4" class="TestNG.Intro_TestNG2"/>
      </group> <!-- smoke -->
    </groups>
    <test started-at="2022-05-26T20:36:52 IST" name="Test2" finished-at="2022-05-26T20:36:52 IST" duration-ms="41">
      <class name="TestNG.Intro_TestNG2">
        <test-method signature="Method3()[pri:0, instance:TestNG.Intro_TestNG2@673fdbce]" started-at="2022-05-26T20:36:52 IST" name="Method3" finished-at="2022-05-26T20:36:52 IST" duration-ms="5" status="PASS">
          <reporter-output>
          </reporter-output>
        </test-method> <!-- Method3 -->
        <test-method signature="Method33(java.lang.String,java.lang.String)[pri:0, instance:TestNG.Intro_TestNG2@673fdbce]" started-at="2022-05-26T20:36:52 IST" name="Method33" finished-at="2022-05-26T20:36:52 IST" duration-ms="1" status="PASS">
          <params>
            <param index="0">
              <value>
                <![CDATA[APIKey]]>
              </value>
            </param>
            <param index="1">
              <value>
                <![CDATA[APIvalue]]>
              </value>
            </param>
          </params>
          <reporter-output>
          </reporter-output>
        </test-method> <!-- Method33 -->
        <test-method signature="Method4()[pri:0, instance:TestNG.Intro_TestNG2@673fdbce]" started-at="2022-05-26T20:36:52 IST" name="Method4" finished-at="2022-05-26T20:36:52 IST" duration-ms="1" status="PASS">
          <reporter-output>
          </reporter-output>
        </test-method> <!-- Method4 -->
        <test-method signature="Method5()[pri:0, instance:TestNG.Intro_TestNG2@673fdbce]" started-at="2022-05-26T20:36:52 IST" name="Method5" finished-at="2022-05-26T20:36:52 IST" duration-ms="1" status="PASS">
          <reporter-output>
          </reporter-output>
        </test-method> <!-- Method5 -->
        <test-method signature="Method7()[pri:0, instance:TestNG.Intro_TestNG2@673fdbce]" started-at="2022-05-26T20:36:52 IST" name="Method7" finished-at="2022-05-26T20:36:52 IST" duration-ms="3" status="PASS">
          <reporter-output>
          </reporter-output>
        </test-method> <!-- Method7 -->
        <test-method signature="Method8()[pri:0, instance:TestNG.Intro_TestNG2@673fdbce]" started-at="2022-05-26T20:36:52 IST" name="Method8" finished-at="2022-05-26T20:36:52 IST" duration-ms="1" status="PASS">
          <reporter-output>
          </reporter-output>
        </test-method> <!-- Method8 -->
        <test-method signature="printdata(java.lang.String,java.lang.String)[pri:0, instance:TestNG.Intro_TestNG2@673fdbce]" started-at="2022-05-26T20:36:52 IST" name="printdata" data-provider="DataSet" finished-at="2022-05-26T20:36:52 IST" duration-ms="1" status="PASS">
          <params>
            <param index="0">
              <value>
                <![CDATA[firstsetuser]]>
              </value>
            </param>
            <param index="1">
              <value>
                <![CDATA[firstsetpwd]]>
              </value>
            </param>
          </params>
          <reporter-output>
          </reporter-output>
        </test-method> <!-- printdata -->
        <test-method signature="printdata(java.lang.String,java.lang.String)[pri:0, instance:TestNG.Intro_TestNG2@673fdbce]" started-at="2022-05-26T20:36:52 IST" name="printdata" data-provider="DataSet" finished-at="2022-05-26T20:36:52 IST" duration-ms="0" status="PASS">
          <params>
            <param index="0">
              <value>
                <![CDATA[secondsetuser]]>
              </value>
            </param>
            <param index="1">
              <value>
                <![CDATA[secondsetpwd]]>
              </value>
            </param>
          </params>
          <reporter-output>
          </reporter-output>
        </test-method> <!-- printdata -->
        <test-method signature="printdata(java.lang.String,java.lang.String)[pri:0, instance:TestNG.Intro_TestNG2@673fdbce]" started-at="2022-05-26T20:36:52 IST" name="printdata" data-provider="DataSet" finished-at="2022-05-26T20:36:52 IST" duration-ms="1" status="PASS">
          <params>
            <param index="0">
              <value>
                <![CDATA[thirdsetuser]]>
              </value>
            </param>
            <param index="1">
              <value>
                <![CDATA[thirdsetpwd]]>
              </value>
            </param>
          </params>
          <reporter-output>
          </reporter-output>
        </test-method> <!-- printdata -->
      </class> <!-- TestNG.Intro_TestNG2 -->
    </test> <!-- Test2 -->
    <test started-at="2022-05-26T20:36:52 IST" name="Test1" finished-at="2022-05-26T20:36:52 IST" duration-ms="26">
      <class name="TestNG.Intro_TestNG">
        <test-method signature="Method1()[pri:0, instance:TestNG.Intro_TestNG@cb0755b]" started-at="2022-05-26T20:36:52 IST" name="Method1" finished-at="2022-05-26T20:36:52 IST" duration-ms="5" status="PASS">
          <reporter-output>
          </reporter-output>
        </test-method> <!-- Method1 -->
      </class> <!-- TestNG.Intro_TestNG -->
    </test> <!-- Test1 -->
  </suite> <!-- Suite -->
</testng-results>
