<?xml version="1.0" encoding="UTF-8"?>
<!-- Generated by org.testng.reporters.JUnitXMLReporter -->
<testsuite ignored="0" hostname="SG0705845344703" failures="0" tests="3" name="Default test" time="0.03" errors="0" timestamp="2022-05-26T19:38:06 IST">
  <testcase classname="TestNG.Into_TestNG3_parameterization" name="printdata" time="0.004"/>
  <testcase classname="TestNG.Into_TestNG3_parameterization" name="printdata" time="0.001"/>
  <testcase classname="TestNG.Into_TestNG3_parameterization" name="printdata" time="0.001"/>
</testsuite> <!-- Default test -->
