<?xml version="1.0" encoding="UTF-8"?>
<!-- Generated by org.testng.reporters.JUnitXMLReporter -->
<testsuite ignored="5" hostname="SG0705845344703" failures="0" tests="1" name="Test1" time="0.026" errors="0" timestamp="2022-05-26T20:36:52 IST">
  <testcase classname="TestNG.Intro_TestNG" name="Method1" time="0.005"/>
  <testcase classname="TestNG.Intro_TestNG" name="Method2_B" time="0.0">
    <ignored/>
  </testcase> <!-- Method2_B -->
  <testcase classname="TestNG.Intro_TestNG" name="Method2_C" time="0.0">
    <ignored/>
  </testcase> <!-- Method2_C -->
  <testcase classname="TestNG.Intro_TestNG" name="Method2" time="0.0">
    <ignored/>
  </testcase> <!-- Method2 -->
  <testcase classname="TestNG.Intro_TestNG" name="Method2_A" time="0.0">
    <ignored/>
  </testcase> <!-- Method2_A -->
  <testcase classname="TestNG.Intro_TestNG" name="NoMainMethod" time="0.0">
    <ignored/>
  </testcase> <!-- NoMainMethod -->
</testsuite> <!-- Test1 -->
