<?xml version="1.0" encoding="UTF-8"?>
<!-- Generated by org.testng.reporters.JUnitXMLReporter -->
<testsuite ignored="1" hostname="SG0705845344703" failures="0" tests="9" name="Test2" time="0.041" errors="0" timestamp="2022-05-26T20:36:52 IST">
  <testcase classname="TestNG.Intro_TestNG2" name="Method3" time="0.005"/>
  <testcase classname="TestNG.Intro_TestNG2" name="Method33" time="0.001"/>
  <testcase classname="TestNG.Intro_TestNG2" name="Method4" time="0.001"/>
  <testcase classname="TestNG.Intro_TestNG2" name="Method5" time="0.001"/>
  <testcase classname="TestNG.Intro_TestNG2" name="Method7" time="0.003"/>
  <testcase classname="TestNG.Intro_TestNG2" name="Method8" time="0.001"/>
  <testcase classname="TestNG.Intro_TestNG2" name="printdata" time="0.001"/>
  <testcase classname="TestNG.Intro_TestNG2" name="printdata" time="0.0"/>
  <testcase classname="TestNG.Intro_TestNG2" name="printdata" time="0.001"/>
  <testcase classname="TestNG.Intro_TestNG2" name="Method6" time="0.0">
    <ignored/>
  </testcase> <!-- Method6 -->
</testsuite> <!-- Test2 -->
