<?xml version="1.0" encoding="UTF-8"?>
<!-- Generated by org.testng.reporters.JUnitXMLReporter -->
<testsuite ignored="0" hostname="SG0705845344703" failures="0" tests="6" name="TestNG package" time="0.034" errors="0" timestamp="2022-05-26T13:06:05 IST">
  <testcase classname="TestNG.Intro_TestNG" name="Method1" time="0.005"/>
  <testcase classname="TestNG.Intro_TestNG" name="Method2" time="0.001"/>
  <testcase classname="TestNG.Intro_TestNG" name="NoMainMethod" time="0.001"/>
  <testcase classname="TestNG.Intro_TestNG2" name="Method3" time="0.0"/>
  <testcase classname="TestNG.Intro_TestNG2" name="Method4" time="0.0"/>
  <testcase classname="TestNG.Intro_TestNG2" name="Method5" time="0.001"/>
</testsuite> <!-- TestNG package -->
